0 info it worked if it ends with ok
1 verbose cli [ '/home/ubuntu/.nvm/v0.10.35/bin/node',
1 verbose cli   '/home/ubuntu/.nvm/v0.10.35/bin/npm',
1 verbose cli   'install' ]
2 info using npm@1.4.28
3 info using node@v0.10.35
4 warn package.json Fizz@0.0.0 No repository field.
5 warn package.json Fizz@0.0.0 No README data
6 verbose readDependencies using package.json deps
7 verbose install where, deps [ '/home/ubuntu/workspace/fizz/server',
7 verbose install   [ 'async',
7 verbose install     'express',
7 verbose install     'express-session',
7 verbose install     'express-socket.io-session',
7 verbose install     'socket.io',
7 verbose install     'mkdirp',
7 verbose install     'mongoose' ] ]
8 info preinstall Fizz@0.0.0
9 verbose readDependencies using package.json deps
10 verbose already installed skipping express@* /home/ubuntu/workspace/fizz/server
11 verbose already installed skipping express-session@* /home/ubuntu/workspace/fizz/server
12 verbose already installed skipping express-socket.io-session@* /home/ubuntu/workspace/fizz/server
13 verbose already installed skipping socket.io@* /home/ubuntu/workspace/fizz/server
14 verbose already installed skipping mkdirp@* /home/ubuntu/workspace/fizz/server
15 verbose already installed skipping mongoose@* /home/ubuntu/workspace/fizz/server
16 verbose already installed skipping async@* /home/ubuntu/workspace/fizz/server
17 silly resolved []
18 info build /home/ubuntu/workspace/fizz/server
19 verbose linkStuff [ false, false, false, '/home/ubuntu/workspace/fizz' ]
20 info linkStuff Fizz@0.0.0
21 verbose linkBins Fizz@0.0.0
22 verbose linkMans Fizz@0.0.0
23 verbose rebuildBundles Fizz@0.0.0
24 verbose rebuildBundles [ '.bin',
24 verbose rebuildBundles   'async',
24 verbose rebuildBundles   'express',
24 verbose rebuildBundles   'express-session',
24 verbose rebuildBundles   'express-socket.io-session',
24 verbose rebuildBundles   'mkdirp',
24 verbose rebuildBundles   'mongoose',
24 verbose rebuildBundles   'socket.io' ]
25 info install Fizz@0.0.0
26 info postinstall Fizz@0.0.0
27 verbose unsafe-perm in lifecycle true
28 info Fizz@0.0.0 Failed to exec postinstall script
29 error Fizz@0.0.0 postinstall: `/bin/bash post.sh`
29 error Exit status 1
30 error Failed at the Fizz@0.0.0 postinstall script.
30 error This is most likely a problem with the Fizz package,
30 error not with npm itself.
30 error Tell the author that this fails on your system:
30 error     /bin/bash post.sh
30 error You can get their info via:
30 error     npm owner ls Fizz
30 error There is likely additional logging output above.
31 error System Linux 3.14.13-c9
32 error command "/home/ubuntu/.nvm/v0.10.35/bin/node" "/home/ubuntu/.nvm/v0.10.35/bin/npm" "install"
33 error cwd /home/ubuntu/workspace/fizz/server
34 error node -v v0.10.35
35 error npm -v 1.4.28
36 error code ELIFECYCLE
37 verbose exit [ 1, true ]
